(no author) = hudson-ala <hudson.atlasoflivingaustralia@gmail.com>
Niels.Klazenga@gmail.com = niels.klazenga@gmail.com <niels.klazenga@gmail.com>
ajay.ranipeta = funkycoda <ajay.ranipeta@gmail.com>
ajay.ranipeta@gmail.com = funkycoda <ajay.ranipeta@gmail.com>
angus.i.macaulay = angus.i.macaulay@gmail.com <angus.i.macaulay@gmail.com>
angus.i.macaulay@gmail.com = angus.i.macaulay@gmail.com <angus.i.macaulay@gmail.com>
brendon.ward@sixlighthouses.com = brendon.ward@sixlighthouses.com <brendon.ward@sixlighthouses.com>
brynk.ala@gmail.com = brynk.ala@gmail.com <brynk.ala@gmail.com>
chris.flemming.ala@gmail.com = chris.flemming.ala@gmail.com <chris.flemming.ala@gmail.com>
chris.godwin.ala@gmail.com = chrisala <chris.godwin.ala@gmail.com>
david.baird.ala@gmail.com = davidbairdala <david.baird.ala@gmail.com>
dena.paris@csiro.au = dena.paris@csiro.au <dena.paris@csiro.au>
drdavematthews = drdavematthews <dave.matthews@csiro.au>
gavin.jackson = gavin.jackson@gmail.com <gavin.jackson@gmail.com>
gavin.jackson@gmail.com = gavin.jackson@gmail.com <gavin.jackson@gmail.com>
leebelbin@gmail.com = leebelbin@gmail.com <leebelbin@gmail.com>
mark.woolston@axon.com.au = markew <mark.woolston@axon.com.au>
mark.woolston@csiro.au = markew <mark.woolston@axon.com.au>
markewau@gmail.com = markew <mark.woolston@axon.com.au>
moyesyside = djtfmartin <djtfmartin@gmail.com>
moyesyside@gmail.com = djtfmartin <djtfmartin@gmail.com>
natasha.carter@csiro.au = natasha.carter@csiro.au <natasha.carter@csiro.au>
nickdos = nickdos <nickdos@gmail.com>
nickdos@gmail.com = nickdos <nickdos@gmail.com>
niels.klazenga@gmail.com = niels.klazenga@gmail.com <niels.klazenga@gmail.com>
peter.flemming@csiro.au = peter.flemming@csiro.au <peter.flemming@csiro.au>
vaughan.alison@gmail.com = vaughan.alison@gmail.com <vaughan.alison@gmail.com>
adam.collins832@gmail.com = adam-collins <adam.collins832@gmail.com>
adam_collins@tpg.com.au = adam-collins <adam.collins832@gmail.com>
dcwmk282 = dcwmk282@gmail.com <dcwmk282@gmail.com>
dcwmk282@gmail.com = dcwmk282@gmail.com <dcwmk282@gmail.com>
tommywang1981 = tommywang1981@gmail.com <tommywang1981@gmail.com>
tommywang1981@gmail.com = tommywang1981@gmail.com <tommywang1981@gmail.com>
yuanfangcsiro@gmail.com = yuanfangcsiro@gmail.com <yuanfangcsiro@gmail.com>
CoolDad67@gmail.com = pbrenton <CoolDad67@gmail.com>
matt.branford@gmail.com = matt.branford@gmail.com <matt.branford@gmail.com>
matthew.birks = matthew.birks@gmail.com <matthew.birks@gmail.com>
matthew.birks@gmail.com = matthew.birks@gmail.com <matthew.birks@gmail.com>
sathish.sathyamoorthy@gmail.com = sathishala <sathish.sathyamoorthy@csiro.au>
simon.bear@csiro.au = sbearcsiro <simon.bear@csiro.au>
ajones17221 = ajones17221 <ajones17221>
davethau = davethau <davethau>
hon.hwang = hon.hwang <hon.hwang>
